TN:
SF:src/components/ProjectCard.tsx
FN:18,ProjectCard
FN:19,(anonymous_1)
FN:42,(anonymous_2)
FN:55,(anonymous_3)
FN:64,(anonymous_4)
FN:70,(anonymous_5)
FN:75,(anonymous_6)
FN:85,(anonymous_7)
FNF:8
FNH:7
FNDA:20,ProjectCard
FNDA:40,(anonymous_1)
FNDA:20,(anonymous_2)
FNDA:1,(anonymous_3)
FNDA:2,(anonymous_4)
FNDA:1,(anonymous_5)
FNDA:1,(anonymous_6)
FNDA:0,(anonymous_7)
DA:19,20
DA:20,40
DA:23,26
DA:25,2
DA:28,4
DA:30,2
DA:32,2
DA:34,2
DA:36,2
DA:38,0
DA:42,20
DA:43,20
DA:44,20
DA:51,20
DA:55,1
DA:64,2
DA:70,1
DA:75,1
DA:85,0
LF:19
LH:17
BRDA:20,0,0,2
BRDA:20,0,1,26
BRDA:20,0,2,2
BRDA:20,0,3,2
BRDA:20,0,4,4
BRDA:20,0,5,2
BRDA:20,0,6,2
BRDA:20,0,7,2
BRDA:20,0,8,2
BRDA:20,0,9,0
BRDA:89,1,0,20
BRDA:89,1,1,1
BRF:12
BRH:11
end_of_record
TN:
SF:src/components/ui/button.tsx
FN:44,(anonymous_0)
FNF:1
FNH:1
FNDA:44,(anonymous_0)
DA:7,1
DA:43,1
DA:45,44
DA:46,44
DA:55,1
LF:5
LH:5
BRDA:44,0,0,44
BRDA:45,1,0,0
BRDA:45,1,1,44
BRF:3
BRH:2
end_of_record
TN:
SF:src/components/ui/card.tsx
FN:8,(anonymous_0)
FN:23,(anonymous_1)
FN:35,(anonymous_2)
FN:47,(anonymous_3)
FN:59,(anonymous_4)
FN:67,(anonymous_5)
FNF:6
FNH:5
FNDA:20,(anonymous_0)
FNDA:20,(anonymous_1)
FNDA:20,(anonymous_2)
FNDA:20,(anonymous_3)
FNDA:20,(anonymous_4)
FNDA:0,(anonymous_5)
DA:5,1
DA:9,20
DA:18,1
DA:20,1
DA:24,20
DA:30,1
DA:32,1
DA:36,20
DA:42,1
DA:44,1
DA:48,20
DA:54,1
DA:56,1
DA:60,20
DA:62,1
DA:64,1
DA:68,0
DA:74,1
LF:18
LH:17
BRF:0
BRH:0
end_of_record
TN:
SF:src/components/ui/dropdown-menu.tsx
FN:23,(anonymous_0)
FN:43,(anonymous_1)
FN:59,(anonymous_2)
FN:80,(anonymous_3)
FN:96,(anonymous_4)
FN:120,(anonymous_5)
FN:144,(anonymous_6)
FN:160,(anonymous_7)
FN:169,(anonymous_8)
FNF:9
FNH:2
FNDA:0,(anonymous_0)
FNDA:0,(anonymous_1)
FNDA:20,(anonymous_2)
FNDA:4,(anonymous_3)
FNDA:0,(anonymous_4)
FNDA:0,(anonymous_5)
FNDA:0,(anonymous_6)
FNDA:0,(anonymous_7)
FNDA:0,(anonymous_8)
DA:6,1
DA:8,1
DA:10,1
DA:12,1
DA:14,1
DA:16,1
DA:18,1
DA:24,0
DA:37,1
DA:40,1
DA:44,0
DA:53,1
DA:56,1
DA:60,20
DA:73,1
DA:75,1
DA:81,4
DA:91,1
DA:93,1
DA:97,0
DA:114,1
DA:117,1
DA:121,0
DA:137,1
DA:139,1
DA:145,0
DA:155,1
DA:157,1
DA:161,0
DA:167,1
DA:169,1
DA:173,0
DA:180,1
LF:33
LH:26
BRDA:28,0,0,0
BRDA:28,0,1,0
BRDA:59,1,0,20
BRDA:85,2,0,4
BRDA:85,2,1,0
BRDA:149,3,0,0
BRDA:149,3,1,0
BRF:7
BRH:2
end_of_record
TN:
SF:src/hooks/use-toast.ts
FN:30,genId
FN:61,(anonymous_1)
FN:66,(anonymous_2)
FN:77,(anonymous_3)
FN:88,(anonymous_4)
FN:101,(anonymous_5)
FN:108,(anonymous_6)
FN:127,(anonymous_7)
FN:136,dispatch
FN:138,(anonymous_9)
FN:145,toast
FN:148,(anonymous_11)
FN:153,(anonymous_12)
FN:161,(anonymous_13)
FN:174,useToast
FN:177,(anonymous_15)
FN:179,(anonymous_16)
FN:190,(anonymous_17)
FNF:18
FNH:6
FNDA:0,genId
FNDA:4,(anonymous_1)
FNDA:0,(anonymous_2)
FNDA:18,(anonymous_3)
FNDA:4,(anonymous_4)
FNDA:2,(anonymous_5)
FNDA:5,(anonymous_6)
FNDA:4,(anonymous_7)
FNDA:0,dispatch
FNDA:0,(anonymous_9)
FNDA:0,toast
FNDA:0,(anonymous_11)
FNDA:0,(anonymous_12)
FNDA:0,(anonymous_13)
FNDA:0,useToast
FNDA:0,(anonymous_15)
FNDA:0,(anonymous_16)
FNDA:0,(anonymous_17)
DA:11,1
DA:12,1
DA:21,1
DA:28,1
DA:31,0
DA:32,0
DA:59,1
DA:61,1
DA:62,4
DA:63,2
DA:66,2
DA:67,0
DA:68,0
DA:74,2
DA:77,1
DA:78,18
DA:80,6
DA:86,4
DA:89,4
DA:94,4
DA:98,4
DA:99,2
DA:101,2
DA:102,2
DA:106,4
DA:109,5
DA:119,4
DA:120,1
DA:125,3
DA:127,4
DA:132,1
DA:134,1
DA:137,0
DA:138,0
DA:139,0
DA:146,0
DA:148,0
DA:149,0
DA:153,0
DA:155,0
DA:162,0
DA:167,0
DA:175,0
DA:177,0
DA:178,0
DA:179,0
DA:180,0
DA:181,0
DA:182,0
DA:187,0
DA:190,0
LF:51
LH:28
BRDA:62,0,0,2
BRDA:62,0,1,2
BRDA:78,1,0,6
BRDA:78,1,1,4
BRDA:78,1,2,4
BRDA:78,1,3,4
BRDA:89,2,0,3
BRDA:89,2,1,1
BRDA:98,3,0,2
BRDA:98,3,1,2
BRDA:109,4,0,4
BRDA:109,4,1,1
BRDA:109,5,0,5
BRDA:109,5,1,3
BRDA:119,6,0,1
BRDA:119,6,1,3
BRDA:162,7,0,0
BRDA:162,7,1,0
BRDA:181,8,0,0
BRDA:181,8,1,0
BRF:20
BRH:16
end_of_record
TN:
SF:src/lib/storage.ts
FN:11,encrypt
FN:15,decrypt
FN:28,(anonymous_2)
FN:35,runMigrations
FN:40,initStorage
FN:52,getProjects
FN:63,getProject
FN:65,(anonymous_7)
FN:68,saveProject
FN:71,(anonymous_9)
FN:86,deleteProject
FN:89,(anonymous_11)
FN:104,getScenes
FN:115,saveScenes
FN:124,getScene
FN:126,(anonymous_15)
FN:129,saveScene
FN:132,(anonymous_17)
FN:151,getConfig
FN:164,saveConfig
FN:175,clearConfig
FN:183,exportData
FN:192,(anonymous_22)
FN:199,importData
FN:210,(anonymous_24)
FN:224,clearAllData
FN:226,(anonymous_26)
FN:234,getStorageUsage
FN:236,(anonymous_28)
FNF:29
FNH:29
FNDA:15,encrypt
FNDA:15,decrypt
FNDA:116,(anonymous_2)
FNDA:3,runMigrations
FNDA:4,initStorage
FNDA:63,getProjects
FNDA:19,getProject
FNDA:53,(anonymous_7)
FNDA:27,saveProject
FNDA:48,(anonymous_9)
FNDA:3,deleteProject
FNDA:2,(anonymous_11)
FNDA:71,getScenes
FNDA:40,saveScenes
FNDA:14,getScene
FNDA:15,(anonymous_15)
FNDA:37,saveScene
FNDA:74,(anonymous_17)
FNDA:11,getConfig
FNDA:9,saveConfig
FNDA:1,clearConfig
FNDA:3,exportData
FNDA:2,(anonymous_22)
FNDA:4,importData
FNDA:2,(anonymous_24)
FNDA:2,clearAllData
FNDA:6,(anonymous_26)
FNDA:4,getStorageUsage
FNDA:4,(anonymous_28)
DA:4,1
DA:5,1
DA:12,15
DA:16,15
DA:17,15
DA:24,1
DA:28,116
DA:36,3
DA:41,4
DA:42,4
DA:43,3
DA:44,3
DA:53,63
DA:54,63
DA:55,63
DA:56,44
DA:58,1
DA:59,1
DA:64,19
DA:65,53
DA:69,27
DA:70,27
DA:71,48
DA:73,27
DA:74,2
DA:76,25
DA:79,27
DA:81,0
DA:82,0
DA:87,3
DA:88,3
DA:89,3
DA:90,3
DA:93,3
DA:95,0
DA:96,0
DA:105,71
DA:106,71
DA:107,71
DA:108,47
DA:110,1
DA:111,1
DA:116,40
DA:117,40
DA:119,0
DA:120,0
DA:125,14
DA:126,15
DA:130,37
DA:131,37
DA:132,74
DA:134,37
DA:135,1
DA:137,36
DA:140,37
DA:142,0
DA:143,0
DA:152,11
DA:153,11
DA:154,11
DA:156,8
DA:157,8
DA:159,1
DA:160,1
DA:165,9
DA:166,9
DA:167,9
DA:168,9
DA:170,0
DA:171,0
DA:176,1
DA:184,3
DA:192,3
DA:193,2
DA:196,3
DA:200,4
DA:201,4
DA:204,4
DA:205,2
DA:209,3
DA:210,2
DA:211,2
DA:215,1
DA:216,1
DA:225,2
DA:226,2
DA:227,6
DA:228,5
DA:231,2
DA:235,4
DA:236,4
DA:237,4
DA:238,2
DA:243,4
DA:244,4
LF:95
LH:85
BRDA:41,0,0,4
BRDA:41,0,1,2
BRDA:42,1,0,3
BRDA:42,1,1,1
BRDA:55,2,0,19
BRDA:55,2,1,44
BRDA:65,3,0,19
BRDA:65,3,1,2
BRDA:73,4,0,2
BRDA:73,4,1,25
BRDA:107,5,0,24
BRDA:107,5,1,47
BRDA:126,6,0,14
BRDA:126,6,1,3
BRDA:134,7,0,1
BRDA:134,7,1,36
BRDA:154,8,0,3
BRDA:154,8,1,8
BRDA:204,9,0,2
BRDA:204,9,1,2
BRDA:209,10,0,2
BRDA:209,10,1,1
BRDA:227,11,0,5
BRDA:227,11,1,1
BRDA:237,12,0,2
BRDA:237,12,1,2
BRDA:238,13,0,2
BRDA:238,13,1,0
BRF:28
BRH:27
end_of_record
TN:
SF:src/lib/utils.ts
FN:4,cn
FNF:1
FNH:1
FNDA:209,cn
DA:5,209
LF:1
LH:1
BRF:0
BRH:0
end_of_record
TN:
SF:src/lib/ai/factory.ts
FN:8,createAIProvider
FN:26,(anonymous_1)
FN:31,(anonymous_2)
FN:35,(anonymous_3)
FN:39,(anonymous_4)
FN:45,(anonymous_5)
FNF:6
FNH:6
FNDA:28,createAIProvider
FNDA:23,(anonymous_1)
FNDA:5,(anonymous_2)
FNDA:16,(anonymous_3)
FNDA:2,(anonymous_4)
FNDA:1,(anonymous_5)
DA:9,28
DA:11,20
DA:14,5
DA:16,2
DA:18,1
DA:27,23
DA:28,23
DA:32,5
DA:36,16
DA:40,2
DA:46,28
DA:47,5
DA:50,23
DA:51,23
LF:14
LH:14
BRDA:9,0,0,20
BRDA:9,0,1,2
BRDA:9,0,2,5
BRDA:9,0,3,2
BRDA:9,0,4,1
BRDA:46,1,0,5
BRDA:46,1,1,23
BRDA:46,2,0,28
BRDA:46,2,1,25
BRDA:46,2,2,24
BRF:10
BRH:10
end_of_record
TN:
SF:src/lib/ai/skills.ts
FN:116,getSkillForTask
FN:121,getSkillByName
FNF:2
FNH:2
FNDA:9,getSkillForTask
FNDA:14,getSkillByName
DA:7,1
DA:26,1
DA:52,1
DA:78,1
DA:108,1
DA:117,9
DA:122,14
DA:129,14
DA:130,14
LF:9
LH:9
BRDA:117,0,0,9
BRDA:117,0,1,4
BRDA:129,1,0,14
BRDA:129,1,1,9
BRDA:130,2,0,14
BRDA:130,2,1,5
BRF:6
BRH:6
end_of_record
TN:
SF:src/lib/ai/providers/deepseek.ts
FN:7,(anonymous_0)
FN:12,(anonymous_1)
FN:29,(anonymous_2)
FN:59,(anonymous_3)
FNF:4
FNH:4
FNDA:31,(anonymous_0)
FNDA:6,(anonymous_1)
FNDA:25,(anonymous_2)
FNDA:6,(anonymous_3)
DA:5,22
DA:8,31
DA:9,31
DA:13,6
DA:14,6
DA:15,6
DA:16,4
DA:18,2
DA:19,2
DA:21,1
DA:25,6
DA:26,6
DA:30,25
DA:32,25
DA:44,22
DA:45,6
DA:48,16
DA:49,16
DA:60,6
DA:62,6
DA:75,6
DA:76,0
DA:79,6
DA:80,6
DA:82,4
DA:83,4
DA:85,4
DA:86,11
DA:87,11
DA:89,9
DA:90,9
DA:91,9
DA:93,11
DA:94,10
DA:95,10
DA:96,10
DA:98,8
DA:99,8
DA:100,8
DA:101,10
DA:103,1
LF:41
LH:40
BRDA:8,0,0,31
BRDA:8,0,1,28
BRDA:16,1,0,4
BRDA:16,1,1,0
BRDA:25,2,0,5
BRDA:25,2,1,1
BRDA:39,3,0,25
BRDA:39,3,1,0
BRDA:44,4,0,6
BRDA:44,4,1,16
BRDA:69,5,0,6
BRDA:69,5,1,0
BRDA:75,6,0,0
BRDA:75,6,1,6
BRDA:80,7,0,2
BRDA:80,7,1,4
BRDA:87,8,0,2
BRDA:87,8,1,9
BRDA:91,9,0,9
BRDA:91,9,1,8
BRDA:94,10,0,10
BRDA:94,10,1,0
BRDA:96,11,0,2
BRDA:96,11,1,8
BRDA:101,12,0,7
BRDA:101,12,1,3
BRF:26
BRH:21
end_of_record
TN:
SF:src/lib/ai/providers/gemini.ts
FN:7,(anonymous_0)
FN:13,(anonymous_1)
FN:19,(anonymous_2)
FN:23,(anonymous_3)
FN:24,(anonymous_4)
FN:30,(anonymous_5)
FN:41,(anonymous_6)
FN:58,(anonymous_7)
FN:90,(anonymous_8)
FNF:9
FNH:9
FNDA:10,(anonymous_0)
FNDA:3,(anonymous_1)
FNDA:13,(anonymous_2)
FNDA:15,(anonymous_3)
FNDA:14,(anonymous_4)
FNDA:12,(anonymous_5)
FNDA:1,(anonymous_6)
FNDA:10,(anonymous_7)
FNDA:3,(anonymous_8)
DA:5,4
DA:8,10
DA:9,10
DA:10,10
DA:14,3
DA:15,3
DA:16,3
DA:22,13
DA:23,15
DA:24,14
DA:30,13
DA:31,13
DA:32,1
DA:38,13
DA:42,1
DA:43,1
DA:44,1
DA:45,1
DA:47,0
DA:48,0
DA:50,0
DA:54,1
DA:55,1
DA:59,10
DA:60,10
DA:62,10
DA:71,8
DA:72,1
DA:75,7
DA:78,7
DA:80,10
DA:91,3
DA:92,3
DA:94,3
DA:103,3
DA:104,0
DA:107,3
DA:108,3
DA:110,3
DA:111,3
DA:113,3
DA:114,6
DA:115,6
DA:117,3
DA:118,3
DA:119,3
DA:121,6
DA:122,4
DA:123,4
DA:124,4
DA:126,3
DA:127,3
DA:128,3
DA:129,4
DA:131,0
LF:55
LH:50
BRDA:8,0,0,10
BRDA:8,0,1,10
BRDA:9,1,0,10
BRDA:9,1,1,0
BRDA:14,2,0,3
BRDA:14,2,1,3
BRDA:15,3,0,3
BRDA:15,3,1,0
BRDA:25,4,0,1
BRDA:25,4,1,13
BRDA:31,5,0,1
BRDA:31,5,1,12
BRDA:45,6,0,1
BRDA:45,6,1,0
BRDA:54,7,0,1
BRDA:54,7,1,0
BRDA:71,8,0,1
BRDA:71,8,1,7
BRDA:78,9,0,7
BRDA:78,9,1,2
BRDA:82,10,0,1
BRDA:82,10,1,6
BRDA:103,11,0,0
BRDA:103,11,1,3
BRDA:108,12,0,0
BRDA:108,12,1,3
BRDA:115,13,0,3
BRDA:115,13,1,3
BRDA:119,14,0,3
BRDA:119,14,1,3
BRDA:122,15,0,4
BRDA:122,15,1,0
BRDA:124,16,0,1
BRDA:124,16,1,3
BRDA:124,17,0,4
BRDA:124,17,1,3
BRDA:129,18,0,3
BRDA:129,18,1,1
BRF:38
BRH:31
end_of_record
TN:
SF:src/lib/ai/providers/openai.ts
FN:7,(anonymous_0)
FN:37,(anonymous_1)
FNF:2
FNH:2
FNDA:8,(anonymous_0)
FNDA:1,(anonymous_1)
DA:5,7
DA:8,8
DA:10,8
DA:22,6
DA:23,1
DA:26,5
DA:27,5
DA:38,1
DA:40,1
DA:53,1
DA:54,0
DA:57,1
DA:58,1
DA:60,1
DA:61,1
DA:63,1
DA:64,2
DA:65,2
DA:67,2
DA:68,2
DA:69,2
DA:71,2
DA:72,2
DA:73,2
DA:74,2
DA:76,1
DA:77,1
DA:78,1
DA:79,2
DA:81,0
LF:30
LH:28
BRDA:8,0,0,8
BRDA:8,0,1,8
BRDA:22,1,0,1
BRDA:22,1,1,5
BRDA:29,2,0,2
BRDA:29,2,1,3
BRDA:38,3,0,1
BRDA:38,3,1,1
BRDA:53,4,0,0
BRDA:53,4,1,1
BRDA:58,5,0,0
BRDA:58,5,1,1
BRDA:65,6,0,0
BRDA:65,6,1,2
BRDA:69,7,0,2
BRDA:69,7,1,2
BRDA:72,8,0,2
BRDA:72,8,1,0
BRDA:74,9,0,1
BRDA:74,9,1,1
BRDA:79,10,0,1
BRDA:79,10,1,1
BRF:22
BRH:18
end_of_record
TN:
SF:src/stores/configStore.ts
FN:17,(anonymous_0)
FN:21,(anonymous_1)
FN:29,(anonymous_2)
FN:37,(anonymous_3)
FN:45,(anonymous_4)
FNF:5
FNH:5
FNDA:44,(anonymous_0)
FNDA:2,(anonymous_1)
FNDA:2,(anonymous_2)
FNDA:1,(anonymous_3)
FNDA:2,(anonymous_4)
DA:17,44
DA:22,2
DA:23,2
DA:30,2
DA:31,2
DA:38,1
DA:39,1
DA:46,2
DA:47,2
DA:48,2
DA:50,2
DA:51,1
DA:53,1
DA:54,1
LF:14
LH:14
BRF:0
BRH:0
end_of_record
TN:
SF:src/stores/projectStore.ts
FN:19,(anonymous_0)
FN:24,(anonymous_1)
FN:35,(anonymous_2)
FN:42,(anonymous_3)
FN:55,(anonymous_4)
FN:63,(anonymous_5)
FN:65,(anonymous_6)
FN:76,(anonymous_7)
FN:77,(anonymous_8)
FN:83,(anonymous_9)
FN:85,(anonymous_10)
FN:86,(anonymous_11)
FN:91,(anonymous_12)
FNF:13
FNH:13
FNDA:44,(anonymous_0)
FNDA:2,(anonymous_1)
FNDA:2,(anonymous_2)
FNDA:18,(anonymous_3)
FNDA:18,(anonymous_4)
FNDA:5,(anonymous_5)
FNDA:5,(anonymous_6)
FNDA:4,(anonymous_7)
FNDA:4,(anonymous_8)
FNDA:3,(anonymous_9)
FNDA:3,(anonymous_10)
FNDA:4,(anonymous_11)
FNDA:3,(anonymous_12)
DA:19,44
DA:25,2
DA:26,2
DA:27,2
DA:28,2
DA:30,0
DA:31,0
DA:36,2
DA:37,2
DA:38,1
DA:43,18
DA:44,18
DA:53,18
DA:55,18
DA:60,18
DA:64,5
DA:65,5
DA:67,5
DA:68,4
DA:74,4
DA:76,4
DA:77,4
DA:84,3
DA:85,3
DA:86,4
DA:92,3
LF:26
LH:24
BRDA:37,0,0,1
BRDA:37,0,1,1
BRDA:67,1,0,4
BRDA:67,1,1,1
BRDA:77,2,0,4
BRDA:77,2,1,0
BRDA:78,3,0,4
BRDA:78,3,1,0
BRDA:87,4,0,2
BRDA:87,4,1,1
BRF:10
BRH:8
end_of_record
TN:
SF:src/stores/storyboardStore.ts
FN:21,(anonymous_0)
FN:26,(anonymous_1)
FN:31,(anonymous_2)
FN:33,(anonymous_3)
FN:42,(anonymous_4)
FN:57,(anonymous_5)
FN:59,(anonymous_6)
FN:66,(anonymous_7)
FN:71,(anonymous_8)
FN:72,(anonymous_9)
FN:75,(anonymous_10)
FN:84,(anonymous_11)
FN:90,(anonymous_12)
FN:99,(anonymous_13)
FN:103,(anonymous_14)
FNF:15
FNH:15
FNDA:44,(anonymous_0)
FNDA:1,(anonymous_1)
FNDA:4,(anonymous_2)
FNDA:103,(anonymous_3)
FNDA:15,(anonymous_4)
FNDA:3,(anonymous_5)
FNDA:3,(anonymous_6)
FNDA:2,(anonymous_7)
FNDA:1,(anonymous_8)
FNDA:3,(anonymous_9)
FNDA:2,(anonymous_10)
FNDA:2,(anonymous_11)
FNDA:4,(anonymous_12)
FNDA:3,(anonymous_13)
FNDA:2,(anonymous_14)
DA:21,44
DA:27,1
DA:28,1
DA:33,103
DA:38,4
DA:39,4
DA:43,15
DA:44,15
DA:51,15
DA:52,15
DA:54,15
DA:58,3
DA:59,3
DA:61,3
DA:62,2
DA:63,2
DA:65,2
DA:66,2
DA:72,3
DA:75,2
DA:80,1
DA:81,1
DA:85,2
DA:86,2
DA:87,2
DA:90,4
DA:95,2
DA:96,2
DA:100,3
DA:104,2
LF:30
LH:30
BRDA:61,0,0,2
BRDA:61,0,1,1
BRDA:66,1,0,2
BRDA:66,1,1,0
BRF:4
BRH:3
end_of_record
